-----> Ruby app detected
-----> Compiling Ruby/Rails
-----> Using Ruby version: ruby-2.2.6
-----> Installing dependencies using bundler 1.13.7
       Running: bundle install --without development:test --path vendor/bundle --binstubs vendor/bundle/bin -j4 --deployment
       Fetching gem metadata from https://rubygems.org/..........
       Fetching version metadata from https://rubygems.org/..
       Fetching dependency metadata from https://rubygems.org/.
       Using rake 10.4.2
       Installing i18n 0.7.0
       Installing minitest 5.8.3
       Installing json 1.8.3 with native extensions
       Installing thread_safe 0.3.5
       Installing builder 3.2.2
       Installing mini_portile 0.6.2
       Installing erubis 2.7.0
       Installing rack 1.6.4
       Installing arel 6.0.3
       Installing mime-types 2.6.2
       Installing bcrypt 3.1.10 with native extensions
       Installing coffee-script-source 1.10.0
       Installing execjs 2.6.0
       Installing thor 0.19.1
       Installing orm_adapter 0.5.0
       Installing devise-bootstrap-views 0.0.6
       Using bundler 1.13.7
       Installing sass 3.4.19
       Installing tilt 2.0.1
       Installing sqlite3 1.3.11 with native extensions
       Installing tzinfo 1.2.2
       Installing nokogiri 1.6.6.3 with native extensions
       Installing rack-test 0.6.3
       Installing warden 1.2.3
       Installing sprockets 3.4.0
       Installing coffee-script 2.4.1
       Installing uglifier 2.7.2
       Installing mail 2.6.3
       Installing activesupport 4.2.3
       Gem::Ext::BuildError: ERROR: Failed to build gem native extension.
       /tmp/build_1597d1f7ff598dead9fbb96d5fccbbb5/khalid-rubyinc-pingpong-master-00fc11f/vendor/ruby-2.2.6/bin/ruby
       -r ./siteconf20170122-215-1rjd7b1.rb extconf.rb
       checking for sqlite3.h... no
       sqlite3.h is missing. Try 'port install sqlite3 +universal',
       'yum install sqlite-devel' or 'apt-get install libsqlite3-dev'
       and check your shared library search path (the
       location where your sqlite3 shared library is located).
       *** extconf.rb failed ***
       Could not create Makefile due to some reason, probably lack of necessary
       libraries and/or headers.  Check the mkmf.log file for more details.  You may
       need configuration options.
       Provided configuration options:
       --with-opt-dir
       --without-opt-dir
       --with-opt-include
       --without-opt-include=${opt-dir}/include
       --with-opt-lib
       --without-opt-lib=${opt-dir}/lib
       --with-make-prog
       --without-make-prog
       --srcdir=.
       --curdir
       --ruby=/tmp/build_1597d1f7ff598dead9fbb96d5fccbbb5/khalid-rubyinc-pingpong-master-00fc11f/vendor/ruby-2.2.6/bin/$(RUBY_BASE_NAME)
       --with-sqlite3-dir
       --without-sqlite3-dir
       --with-sqlite3-include
       --without-sqlite3-include=${sqlite3-dir}/include
       --with-sqlite3-lib
       --without-sqlite3-lib=${sqlite3-dir}/lib
       extconf failed, exit code 1
       Gem files will remain installed in
       /tmp/build_1597d1f7ff598dead9fbb96d5fccbbb5/khalid-rubyinc-pingpong-master-00fc11f/vendor/bundle/ruby/2.2.0/gems/sqlite3-1.3.11
       for inspection.
       Results logged to
       /tmp/build_1597d1f7ff598dead9fbb96d5fccbbb5/khalid-rubyinc-pingpong-master-00fc11f/vendor/bundle/ruby/2.2.0/extensions/x86_64-linux/2.2.0-static/sqlite3-1.3.11/gem_make.out
       An error occurred while installing sqlite3 (1.3.11), and Bundler cannot
       continue.
       Make sure that `gem install sqlite3 -v '1.3.11'` succeeds before bundling.
       Bundler Output: Fetching gem metadata from https://rubygems.org/..........
       Fetching version metadata from https://rubygems.org/..
       Fetching dependency metadata from https://rubygems.org/.
       Using rake 10.4.2
       Installing i18n 0.7.0
       Installing minitest 5.8.3
       Installing json 1.8.3 with native extensions
       Installing thread_safe 0.3.5
       Installing builder 3.2.2
       Installing mini_portile 0.6.2
       Installing erubis 2.7.0
       Installing rack 1.6.4
       Installing arel 6.0.3
       Installing mime-types 2.6.2
       Installing bcrypt 3.1.10 with native extensions
       Installing coffee-script-source 1.10.0
       Installing execjs 2.6.0
       Installing thor 0.19.1
       Installing orm_adapter 0.5.0
       Installing devise-bootstrap-views 0.0.6
       Using bundler 1.13.7
       Installing sass 3.4.19
       Installing tilt 2.0.1
       Installing sqlite3 1.3.11 with native extensions
       Installing tzinfo 1.2.2
       Installing nokogiri 1.6.6.3 with native extensions
       Installing rack-test 0.6.3
       Installing warden 1.2.3
       Installing sprockets 3.4.0
       Installing coffee-script 2.4.1
       Installing uglifier 2.7.2
       Installing mail 2.6.3
       Installing activesupport 4.2.3
       Gem::Ext::BuildError: ERROR: Failed to build gem native extension.
       
       /tmp/build_1597d1f7ff598dead9fbb96d5fccbbb5/khalid-rubyinc-pingpong-master-00fc11f/vendor/ruby-2.2.6/bin/ruby
       -r ./siteconf20170122-215-1rjd7b1.rb extconf.rb
       checking for sqlite3.h... no
       sqlite3.h is missing. Try 'port install sqlite3 +universal',
       'yum install sqlite-devel' or 'apt-get install libsqlite3-dev'
       and check your shared library search path (the
       location where your sqlite3 shared library is located).
       *** extconf.rb failed ***
       Could not create Makefile due to some reason, probably lack of necessary
       libraries and/or headers.  Check the mkmf.log file for more details.  You may
       need configuration options.
       
       Provided configuration options:
       --with-opt-dir
       --without-opt-dir
       --with-opt-include
       --without-opt-include=${opt-dir}/include
       --with-opt-lib
       --without-opt-lib=${opt-dir}/lib
       --with-make-prog
       --without-make-prog
       --srcdir=.
       --curdir
       --ruby=/tmp/build_1597d1f7ff598dead9fbb96d5fccbbb5/khalid-rubyinc-pingpong-master-00fc11f/vendor/ruby-2.2.6/bin/$(RUBY_BASE_NAME)
       --with-sqlite3-dir
       --without-sqlite3-dir
       --with-sqlite3-include
       --without-sqlite3-include=${sqlite3-dir}/include
       --with-sqlite3-lib
       --without-sqlite3-lib=${sqlite3-dir}/lib
       
       extconf failed, exit code 1
       
       Gem files will remain installed in
       /tmp/build_1597d1f7ff598dead9fbb96d5fccbbb5/khalid-rubyinc-pingpong-master-00fc11f/vendor/bundle/ruby/2.2.0/gems/sqlite3-1.3.11
       for inspection.
       Results logged to
       /tmp/build_1597d1f7ff598dead9fbb96d5fccbbb5/khalid-rubyinc-pingpong-master-00fc11f/vendor/bundle/ruby/2.2.0/extensions/x86_64-linux/2.2.0-static/sqlite3-1.3.11/gem_make.out
       
       An error occurred while installing sqlite3 (1.3.11), and Bundler cannot
       continue.
       Make sure that `gem install sqlite3 -v '1.3.11'` succeeds before bundling.
 !
 !     Failed to install gems via Bundler.
 !     Detected sqlite3 gem which is not supported on Heroku:
 !     https://devcenter.heroku.com/articles/sqlite3
 !
 !     Push rejected, failed to compile Ruby app.
 !     Push failed
